========================================
SE(3) ZOO ADVERSARIAL ATTACK EXPERIMENT
========================================
Experiment Name: exp1_baseline_70_30
SLURM Job ID: 2270
Start Time: Mon Jan 19 12:16:21 +03 2026
Suite: libero_spatial
Task IDs: 0
Train Ratio: 0.7
Queries: 200
Target Type: generic
ASR Threshold: 0.5
Learning Rate: 0.01
Seed: 42
========================================
Mon Jan 19 12:16:21 2026       
+-----------------------------------------------------------------------------------------+
| NVIDIA-SMI 580.65.06              Driver Version: 580.65.06      CUDA Version: 13.0     |
+-----------------------------------------+------------------------+----------------------+
| GPU  Name                 Persistence-M | Bus-Id          Disp.A | Volatile Uncorr. ECC |
| Fan  Temp   Perf          Pwr:Usage/Cap |           Memory-Usage | GPU-Util  Compute M. |
|                                         |                        |               MIG M. |
|=========================================+========================+======================|
|   0  NVIDIA H200                    On  |   00000000:BB:00.0 Off |                   On |
| N/A   25C    P0             75W /  700W |      87MiB / 143771MiB |     N/A      Default |
|                                         |                        |              Enabled |
+-----------------------------------------+------------------------+----------------------+

+-----------------------------------------------------------------------------------------+
| MIG devices:                                                                            |
+------------------+----------------------------------+-----------+-----------------------+
| GPU  GI  CI  MIG |              Shared Memory-Usage |        Vol|        Shared         |
|      ID  ID  Dev |                Shared BAR1-Usage | SM     Unc| CE ENC  DEC  OFA  JPG |
|                  |                                  |        ECC|                       |
|==================+==================================+===========+=======================|
|  0    3   0   0  |              29MiB / 33280MiB    | 32      0 |  2   0    2    0    2 |
|                  |               0MiB / 29618MiB    |           |                       |
+------------------+----------------------------------+-----------+-----------------------+

+-----------------------------------------------------------------------------------------+
| Processes:                                                                              |
|  GPU   GI   CI              PID   Type   Process name                        GPU Memory |
|        ID   ID                                                               Usage      |
|=========================================================================================|
|  No running processes found                                                             |
+-----------------------------------------------------------------------------------------+

Python: /data1/ma1/envs/upa-vla/bin/python3.10
Python 3.10.19


======================================
TASK 0
======================================
[TRAINING] Task 0 starting...
================================================================================
SE(3) ZOO ADVERSARIAL PATCH TRAINING
================================================================================
Run ID:           exp1_baseline_70_30_task0_20260119_121628
Start time:       2026-01-19 12:16:28
Suite:            libero_spatial
Task ID:          0
Train ratio:      0.7 (35/50 episodes)
Query budget:     200
Patch size:       32x32
Learning rate:    0.01
Perturbation:     0.1
Target type:      generic
ASR threshold:    0.5
Device:           cuda:0
Seed:             42
================================================================================
GPU:              NVIDIA H200 MIG 2g.35gb (34.9 GB)

[1/4] Loading LIBERO data...
[info] using task orders [0, 1, 2, 3, 4, 5, 6, 7, 8, 9]
  Task:           pick_up_the_black_bowl_between_the_plate_and_the_ramekin_and_place_it_on_the_plate
  Instruction:    pick up the black bowl between the plate and the ramekin and place it on the plate
  Total episodes: 50
  Train episodes: 35 (indices: [0, 3, 4, 9, 10]...)
  Test episodes:  15 (indices: [1, 2, 5, 6, 7]...)

[2/4] Loading OpenVLA model...
[OpenVLA] Loading model from checkpoints/openvla-7b on cuda:0...
Traceback (most recent call last):
  File "/data1/ma1/envs/upa-vla/lib/python3.10/site-packages/huggingface_hub/utils/_http.py", line 402, in hf_raise_for_status
    response.raise_for_status()
  File "/data1/ma1/envs/upa-vla/lib/python3.10/site-packages/requests/models.py", line 1021, in raise_for_status
    raise HTTPError(http_error_msg, response=self)
requests.exceptions.HTTPError: 401 Client Error: Unauthorized for url: https://huggingface.co/checkpoints/openvla-7b/resolve/main/processor_config.json

The above exception was the direct cause of the following exception:

Traceback (most recent call last):
  File "/data1/ma1/envs/upa-vla/lib/python3.10/site-packages/transformers/utils/hub.py", line 398, in cached_file
    resolved_file = hf_hub_download(
  File "/data1/ma1/envs/upa-vla/lib/python3.10/site-packages/huggingface_hub/utils/_validators.py", line 114, in _inner_fn
    return fn(*args, **kwargs)
  File "/data1/ma1/envs/upa-vla/lib/python3.10/site-packages/huggingface_hub/file_download.py", line 1007, in hf_hub_download
    return _hf_hub_download_to_cache_dir(
  File "/data1/ma1/envs/upa-vla/lib/python3.10/site-packages/huggingface_hub/file_download.py", line 1114, in _hf_hub_download_to_cache_dir
    _raise_on_head_call_error(head_call_error, force_download, local_files_only)
  File "/data1/ma1/envs/upa-vla/lib/python3.10/site-packages/huggingface_hub/file_download.py", line 1655, in _raise_on_head_call_error
    raise head_call_error
  File "/data1/ma1/envs/upa-vla/lib/python3.10/site-packages/huggingface_hub/file_download.py", line 1543, in _get_metadata_or_catch_error
    metadata = get_hf_file_metadata(
  File "/data1/ma1/envs/upa-vla/lib/python3.10/site-packages/huggingface_hub/utils/_validators.py", line 114, in _inner_fn
    return fn(*args, **kwargs)
  File "/data1/ma1/envs/upa-vla/lib/python3.10/site-packages/huggingface_hub/file_download.py", line 1460, in get_hf_file_metadata
    r = _request_wrapper(
  File "/data1/ma1/envs/upa-vla/lib/python3.10/site-packages/huggingface_hub/file_download.py", line 283, in _request_wrapper
    response = _request_wrapper(
  File "/data1/ma1/envs/upa-vla/lib/python3.10/site-packages/huggingface_hub/file_download.py", line 307, in _request_wrapper
    hf_raise_for_status(response)
  File "/data1/ma1/envs/upa-vla/lib/python3.10/site-packages/huggingface_hub/utils/_http.py", line 452, in hf_raise_for_status
    raise _format(RepositoryNotFoundError, message, response) from e
huggingface_hub.errors.RepositoryNotFoundError: 401 Client Error. (Request ID: Root=1-696df66d-60db76552c520b28142f21b1;eb132e8b-611f-4e79-9955-4555fdb0ed51)

Repository Not Found for url: https://huggingface.co/checkpoints/openvla-7b/resolve/main/processor_config.json.
Please make sure you specified the correct `repo_id` and `repo_type`.
If you are trying to access a private or gated repo, make sure you are authenticated. For more details, see https://huggingface.co/docs/huggingface_hub/authentication
Invalid username or password.

The above exception was the direct cause of the following exception:

Traceback (most recent call last):
  File "/data1/ma1/Ishaq/ump-vla/code/scripts/train_patch.py", line 340, in <module>
    main()
  File "/data1/ma1/Ishaq/ump-vla/code/scripts/train_patch.py", line 181, in main
    model = OpenVLAActionExtractor(
  File "/data1/ma1/Ishaq/ump-vla/code/openvla_action_extractor.py", line 36, in __init__
    self.processor = AutoProcessor.from_pretrained(
  File "/data1/ma1/envs/upa-vla/lib/python3.10/site-packages/transformers/models/auto/processing_auto.py", line 240, in from_pretrained
    processor_config_file = get_file_from_repo(
  File "/data1/ma1/envs/upa-vla/lib/python3.10/site-packages/transformers/utils/hub.py", line 549, in get_file_from_repo
    return cached_file(
  File "/data1/ma1/envs/upa-vla/lib/python3.10/site-packages/transformers/utils/hub.py", line 421, in cached_file
    raise EnvironmentError(
OSError: checkpoints/openvla-7b is not a local folder and is not a valid model identifier listed on 'https://huggingface.co/models'
If this is a private repository, make sure to pass a token having permission to this repo either by logging in with `huggingface-cli login` or by passing `token=<your_token>`
[TRAINING] Task 0 completed in 7s
[ERROR] No patch file found for task 0

========================================
EXPERIMENT COMPLETE
========================================
Experiment: exp1_baseline_70_30
End Time: Mon Jan 19 12:16:29 +03 2026
Summary: /data1/ma1/Ishaq/ump-vla/outputs/se3_zoo_attack/experiments/exp1_baseline_70_30/results_summary.json
Log: /data1/ma1/Ishaq/ump-vla/outputs/se3_zoo_attack/experiments/exp1_baseline_70_30/experiment_log.txt
========================================

Results Summary:
[
]
========================================
SE(3) ZOO ADVERSARIAL ATTACK EXPERIMENT
========================================
Experiment Name: exp1_baseline_70_30
SLURM Job ID: 2271
Start Time: Mon Jan 19 12:21:08 +03 2026
Suite: libero_spatial
Task IDs: 0
Train Ratio: 0.7
Queries: 200
Target Type: generic
ASR Threshold: 0.5
Learning Rate: 0.01
Seed: 42
========================================
Mon Jan 19 12:21:08 2026       
+-----------------------------------------------------------------------------------------+
| NVIDIA-SMI 580.65.06              Driver Version: 580.65.06      CUDA Version: 13.0     |
+-----------------------------------------+------------------------+----------------------+
| GPU  Name                 Persistence-M | Bus-Id          Disp.A | Volatile Uncorr. ECC |
| Fan  Temp   Perf          Pwr:Usage/Cap |           Memory-Usage | GPU-Util  Compute M. |
|                                         |                        |               MIG M. |
|=========================================+========================+======================|
|   0  NVIDIA H200                    On  |   00000000:BB:00.0 Off |                   On |
| N/A   25C    P0             75W /  700W |      87MiB / 143771MiB |     N/A      Default |
|                                         |                        |              Enabled |
+-----------------------------------------+------------------------+----------------------+

+-----------------------------------------------------------------------------------------+
| MIG devices:                                                                            |
+------------------+----------------------------------+-----------+-----------------------+
| GPU  GI  CI  MIG |              Shared Memory-Usage |        Vol|        Shared         |
|      ID  ID  Dev |                Shared BAR1-Usage | SM     Unc| CE ENC  DEC  OFA  JPG |
|                  |                                  |        ECC|                       |
|==================+==================================+===========+=======================|
|  0    3   0   0  |              29MiB / 33280MiB    | 32      0 |  2   0    2    0    2 |
|                  |               0MiB / 29618MiB    |           |                       |
+------------------+----------------------------------+-----------+-----------------------+

+-----------------------------------------------------------------------------------------+
| Processes:                                                                              |
|  GPU   GI   CI              PID   Type   Process name                        GPU Memory |
|        ID   ID                                                               Usage      |
|=========================================================================================|
|  No running processes found                                                             |
+-----------------------------------------------------------------------------------------+

Python: /data1/ma1/envs/upa-vla/bin/python3.10
Python 3.10.19


======================================
TASK 0
======================================
[TRAINING] Task 0 starting...
================================================================================
SE(3) ZOO ADVERSARIAL PATCH TRAINING
================================================================================
Run ID:           exp1_baseline_70_30_task0_20260119_122115
Start time:       2026-01-19 12:21:15
Suite:            libero_spatial
Task ID:          0
Train ratio:      0.7 (35/50 episodes)
Query budget:     200
Patch size:       32x32
Learning rate:    0.01
Perturbation:     0.1
Target type:      generic
ASR threshold:    0.5
Device:           cuda:0
Seed:             42
================================================================================
GPU:              NVIDIA H200 MIG 2g.35gb (34.9 GB)

[1/4] Loading LIBERO data...
[info] using task orders [0, 1, 2, 3, 4, 5, 6, 7, 8, 9]
  Task:           pick_up_the_black_bowl_between_the_plate_and_the_ramekin_and_place_it_on_the_plate
  Instruction:    pick up the black bowl between the plate and the ramekin and place it on the plate
  Total episodes: 50
  Train episodes: 35 (indices: [0, 3, 4, 9, 10]...)
  Test episodes:  15 (indices: [1, 2, 5, 6, 7]...)

[2/4] Loading OpenVLA model...
[OpenVLA] Loading model from /data1/ma1/Ishaq/ump-vla/checkpoints/openvla-7b on cuda:0...
Loading checkpoint shards:   0%|          | 0/4 [00:00<?, ?it/s]Loading checkpoint shards:  25%|██▌       | 1/4 [00:00<00:00,  5.59it/s]Loading checkpoint shards:  50%|█████     | 2/4 [00:00<00:00,  6.56it/s]Loading checkpoint shards:  75%|███████▌  | 3/4 [00:00<00:00,  6.97it/s]Loading checkpoint shards: 100%|██████████| 4/4 [00:00<00:00,  7.31it/s]Loading checkpoint shards: 100%|██████████| 4/4 [00:00<00:00,  6.99it/s]
[OpenVLA] Model loaded successfully
[OpenVLA] Action dim: 7

[3/4] Setting up optimization...
  Target:         Generic failure (invert gripper + position offset)

[4/4] Training adversarial patch...
================================================================================

[ZOO] Starting SE(3) Manifold Attack
[ZOO] Query budget: 200
[ZOO] Learning rate: 0.01, Perturbation scale: 0.1
[ZOO] Early stop: 95.0% ASR for 50 steps
[ZOO] ASR threshold (SE3 distance): 0.5
[ZOO] Training on 35 episodes

[ZOO] Q    0/200 | Loss: 1.051 (avg:1.051) | ASR: 0% (avg:0%) | Δgrip: 0.000 (avg:0.000) | GPU: 15.2GB
[ZOO] Q   10/200 | Loss: 2.486 (avg:1.947) | ASR: 0% (avg:55%) | Δgrip: 0.000 (avg:0.543) | GPU: 15.2GB
[ZOO] Q   20/200 | Loss: 1.590 (avg:1.899) | ASR: 50% (avg:52%) | Δgrip: 0.518 (avg:0.523) | GPU: 15.2GB
[ZOO] Q   30/200 | Loss: 2.146 (avg:1.992) | ASR: 100% (avg:42%) | Δgrip: 0.996 (avg:0.423) | GPU: 15.2GB
[ZOO] Q   40/200 | Loss: 3.017 (avg:2.068) | ASR: 100% (avg:50%) | Δgrip: 0.996 (avg:0.498) | GPU: 15.2GB
[ZOO] Q   50/200 | Loss: 1.583 (avg:1.883) | ASR: 50% (avg:55%) | Δgrip: 0.498 (avg:0.548) | GPU: 15.2GB
[ZOO] Q   60/200 | Loss: 1.936 (avg:1.752) | ASR: 100% (avg:55%) | Δgrip: 0.996 (avg:0.547) | GPU: 15.2GB
[ZOO] Q   70/200 | Loss: 0.814 (avg:2.018) | ASR: 0% (avg:55%) | Δgrip: 0.000 (avg:0.545) | GPU: 15.2GB
[ZOO] Q   80/200 | Loss: 1.053 (avg:2.232) | ASR: 100% (avg:45%) | Δgrip: 0.996 (avg:0.446) | GPU: 15.2GB
[ZOO] Q   90/200 | Loss: 1.083 (avg:1.878) | ASR: 0% (avg:50%) | Δgrip: 0.000 (avg:0.498) | GPU: 15.2GB
[ZOO] Q  100/200 | Loss: 2.855 (avg:1.697) | ASR: 0% (avg:50%) | Δgrip: 0.000 (avg:0.498) | GPU: 15.2GB
[ZOO] Q  110/200 | Loss: 1.021 (avg:1.590) | ASR: 0% (avg:40%) | Δgrip: 0.000 (avg:0.386) | GPU: 15.2GB
[ZOO] Q  120/200 | Loss: 2.962 (avg:1.643) | ASR: 100% (avg:42%) | Δgrip: 0.996 (avg:0.411) | GPU: 15.2GB
[ZOO] Q  130/200 | Loss: 1.947 (avg:1.637) | ASR: 0% (avg:38%) | Δgrip: 0.000 (avg:0.374) | GPU: 15.2GB
[ZOO] Q  140/200 | Loss: 2.388 (avg:1.536) | ASR: 0% (avg:38%) | Δgrip: 0.000 (avg:0.372) | GPU: 15.2GB
[ZOO] Q  150/200 | Loss: 2.997 (avg:1.971) | ASR: 0% (avg:50%) | Δgrip: 0.000 (avg:0.496) | GPU: 15.2GB
[ZOO] Q  160/200 | Loss: 2.871 (avg:2.255) | ASR: 100% (avg:48%) | Δgrip: 0.957 (avg:0.471) | GPU: 15.2GB
[ZOO] Q  170/200 | Loss: 1.097 (avg:1.892) | ASR: 0% (avg:45%) | Δgrip: 0.000 (avg:0.445) | GPU: 15.2GB
[ZOO] Q  180/200 | Loss: 2.269 (avg:1.663) | ASR: 50% (avg:45%) | Δgrip: 0.498 (avg:0.447) | GPU: 15.2GB
[ZOO] Q  190/200 | Loss: 1.032 (avg:1.786) | ASR: 100% (avg:38%) | Δgrip: 0.996 (avg:0.375) | GPU: 15.2GB

[ZOO] Training Complete!
[ZOO] Total queries: 200
[ZOO] Best loss: 0.1499
[ZOO] Best ASR: 100.0%
[ZOO] Final avg loss (last 20): 1.7907
[ZOO] Final avg ASR (last 20): 30.0%
[ZOO] Final avg gripper change: 0.3020
================================================================================

Training Complete!
  Total time:     107.7 seconds (1.8 min)
  Total queries:  200
  Best ASR:       100.0%
  Best loss:      0.1499

[SAVED] Best patch: /data1/ma1/Ishaq/ump-vla/outputs/se3_zoo_attack/patches/exp1_baseline_70_30_task0_20260119_122115_patch.npy
[SAVED] Patch image: /data1/ma1/Ishaq/ump-vla/outputs/se3_zoo_attack/patches/exp1_baseline_70_30_task0_20260119_122115_patch.png
[SAVED] Training results: /data1/ma1/Ishaq/ump-vla/outputs/se3_zoo_attack/results/exp1_baseline_70_30_task0_20260119_122115_training.json

================================================================================
TRAINING SUMMARY
================================================================================
Run ID:           exp1_baseline_70_30_task0_20260119_122115
Suite/Task:       libero_spatial / task_0
Train episodes:   35
Queries used:     200
Training time:    107.7s (1.8 min)
--------------------------------------------------------------------------------
Best ASR:         100.0%
Best loss:        0.1499
Loss reduction:   1.0513 → 1.6162
Dist to target:   1.0513 → 1.6162
Dist to clean:    0.0419 → 0.3787
--------------------------------------------------------------------------------
Patch saved:      /data1/ma1/Ishaq/ump-vla/outputs/se3_zoo_attack/patches/exp1_baseline_70_30_task0_20260119_122115_patch.npy
Results saved:    /data1/ma1/Ishaq/ump-vla/outputs/se3_zoo_attack/results/exp1_baseline_70_30_task0_20260119_122115_training.json
================================================================================
Final GPU memory: 15.2 GB

End time: 2026-01-19 12:23:12
[TRAINING] Task 0 completed in 125s
[FOUND] Patch: /data1/ma1/Ishaq/ump-vla/outputs/se3_zoo_attack/patches/exp1_baseline_70_30_task0_20260119_122115_patch.npy

[TESTING] Task 0 starting...
================================================================================
SE(3) ZOO ADVERSARIAL PATCH TESTING
================================================================================
Run ID:           exp1_baseline_70_30_task0_20260119_122115
Start time:       2026-01-19 12:23:18
Patch:            /data1/ma1/Ishaq/ump-vla/outputs/se3_zoo_attack/patches/exp1_baseline_70_30_task0_20260119_122115_patch.npy
Suite:            libero_spatial
Task ID:          0
Train ratio:      0.7
Frames/episode:   10
ASR threshold:    0.5
Gripper thresh:   1.0
Target type:      generic
Seed:             42
================================================================================

[1/4] Loading adversarial patch...
  Shape:          (32, 32, 3)
  Range:          [0.300, 0.700]

[2/4] Loading LIBERO data...
[info] using task orders [0, 1, 2, 3, 4, 5, 6, 7, 8, 9]
  Task:           pick_up_the_black_bowl_between_the_plate_and_the_ramekin_and_place_it_on_the_plate
  Instruction:    pick up the black bowl between the plate and the ramekin and place it on the plate
  Total episodes: 50
  Test episodes:  15 (indices: [1, 2, 5, 6, 7]...)

[3/4] Loading OpenVLA model...
[OpenVLA] Loading model from /data1/ma1/Ishaq/ump-vla/checkpoints/openvla-7b on cuda:0...
Loading checkpoint shards:   0%|          | 0/4 [00:00<?, ?it/s]Loading checkpoint shards:  25%|██▌       | 1/4 [00:00<00:00,  5.46it/s]Loading checkpoint shards:  50%|█████     | 2/4 [00:00<00:00,  6.49it/s]Loading checkpoint shards:  75%|███████▌  | 3/4 [00:00<00:00,  6.93it/s]Loading checkpoint shards: 100%|██████████| 4/4 [00:00<00:00,  7.28it/s]Loading checkpoint shards: 100%|██████████| 4/4 [00:00<00:00,  6.94it/s]
[OpenVLA] Model loaded successfully
[OpenVLA] Action dim: 7

[4/4] Evaluating patch on 15 test episodes...
================================================================================
[TEST] Episode   1/15 | ASR:  40.0% | TaskFail:   0.0% | PatchEff: 0.4842 | GripFlip:   0.0%
[TEST] Episode   3/15 | ASR:  70.0% | TaskFail:   0.0% | PatchEff: 0.7621 | GripFlip:   0.0%
[TEST] Episode   6/15 | ASR:  30.0% | TaskFail:   0.0% | PatchEff: 0.3623 | GripFlip:   0.0%
[TEST] Episode   9/15 | ASR:  70.0% | TaskFail:   0.0% | PatchEff: 0.7983 | GripFlip:   0.0%
[TEST] Episode  12/15 | ASR:  20.0% | TaskFail:  10.0% | PatchEff: 0.2856 | GripFlip:   0.0%
[TEST] Episode  15/15 | ASR:  50.0% | TaskFail:   0.0% | PatchEff: 0.5631 | GripFlip:   0.0%
================================================================================

Testing Complete!
  Total time:     54.0 seconds (0.9 min)
  Episodes:       15
  Frames/episode: 10
  Total frames:   150

================================================================================
TESTING RESULTS
================================================================================

[PRIMARY METRICS]
  ASR:                    46.7% ± 49.9%
  Task Failure ASR:        4.0%
  (Threshold:            0.5 SE(3) distance)

[PATCH EFFECT METRICS]
  Avg Patch Effect:      0.5467 ± 0.5005
  Avg Position Change:   0.0206
  Avg Rotation Change:   0.0612
  Avg Gripper Change:    0.4648

[SUCCESS RATES]
  Gripper Flip Rate:       0.0%
  Deviation Rate:         46.7%
  Target Approach Rate:   39.3%

[BASELINE METRICS]
  Clean Model Error:     2.0120
  Patched Model Error:   1.8931
  Error Change:          -0.1189
================================================================================
⚠️  WEAK EFFECT: 20% <= ASR < 50%
⚠️  LOW GRIPPER FLIP: 0.0% - May not cause task failure
================================================================================

[SAVED] Testing summary: /data1/ma1/Ishaq/ump-vla/outputs/se3_zoo_attack/results/exp1_baseline_70_30_task0_20260119_122115_testing.json
[SAVED] Detailed results: /data1/ma1/Ishaq/ump-vla/outputs/se3_zoo_attack/results/exp1_baseline_70_30_task0_20260119_122115_detailed.json

End time: 2026-01-19 12:24:21
[TESTING] Task 0 completed in 69s

[RESULTS] Task 0:
  ASR: 0.4666666666666667
  Gripper Flip Rate: 0.0
  Patch Effect: 0.5466693233692803


========================================
EXPERIMENT COMPLETE
========================================
Experiment: exp1_baseline_70_30
End Time: Mon Jan 19 12:24:22 +03 2026
Summary: /data1/ma1/Ishaq/ump-vla/outputs/se3_zoo_attack/experiments/exp1_baseline_70_30/results_summary.json
Log: /data1/ma1/Ishaq/ump-vla/outputs/se3_zoo_attack/experiments/exp1_baseline_70_30/experiment_log.txt
========================================

Results Summary:
[
  {
    "task_id": 0,
    "asr": 0.4666666666666667,
    "gripper_flip_rate": 0.0,
    "patch_effect": 0.5466693233692803,
    "train_time": 125,
    "test_time": 69,
    "patch_path": "/data1/ma1/Ishaq/ump-vla/outputs/se3_zoo_attack/patches/exp1_baseline_70_30_task0_20260119_122115_patch.npy",
    "results_path": "/data1/ma1/Ishaq/ump-vla/outputs/se3_zoo_attack/results/exp1_baseline_70_30_task0_20260119_122115_testing.json"
  }
]
